<?xml version="1.0" encoding="UTF-8"?>
<!-- Generated by org.testng.reporters.JUnitReportReporter -->
<testsuite hostname="LAPTOP-69IMSS8T" failures="0" tests="1" name="DaviesGroup.HomePage" time="20.929" errors="0" timestamp="23 Dec 2020 07:09:59 GMT" skipped="0">
  <testcase classname="DaviesGroup.HomePage" name="basePageNavigation" time="20.929"/>
</testsuite> <!-- DaviesGroup.HomePage -->
