<?xml version="1.0" encoding="UTF-8"?>
<!-- Generated by org.testng.reporters.JUnitReportReporter -->
<testsuite hostname="LAPTOP-69IMSS8T" failures="0" tests="1" name="DaviesGroup.SolutionsFireInvestigationTest" time="19.471" errors="0" timestamp="24 Dec 2020 02:47:41 GMT" skipped="0">
  <testcase classname="DaviesGroup.SolutionsFireInvestigationTest" name="navigatingToFireInvestigation" time="19.471"/>
</testsuite> <!-- DaviesGroup.SolutionsFireInvestigationTest -->
