<?xml version="1.0" encoding="UTF-8"?>
<!-- Generated by org.testng.reporters.JUnitReportReporter -->
<testsuite hostname="LAPTOP-69IMSS8T" failures="0" tests="1" name="DaviesGroup.HomePageTest" time="22.459" errors="0" timestamp="24 Dec 2020 02:47:11 GMT" skipped="0">
  <testcase classname="DaviesGroup.HomePageTest" name="basePageNavigation" time="22.459"/>
</testsuite> <!-- DaviesGroup.HomePageTest -->
