<?xml version="1.0" encoding="UTF-8"?>
<!-- Generated by org.testng.reporters.JUnitReportReporter -->
<testsuite hostname="LAPTOP-69IMSS8T" failures="0" tests="1" name="DaviesGroup.CapturingStokeOfficeAddressTest" time="14.342" errors="0" timestamp="24 Dec 2020 02:46:33 GMT" skipped="0">
  <testcase classname="DaviesGroup.CapturingStokeOfficeAddressTest" name="navigatingToFireInvestigation" time="14.342"/>
</testsuite> <!-- DaviesGroup.CapturingStokeOfficeAddressTest -->
